Determining if the __GLIBC__ exist failed with the following output:
Change Dir: C:/github/sdl-game-project/mygame/cmake-build-debug/CMakeFiles/CMakeTmp

Run Build Command(s):C:/Program Files/JetBrains/CLion 2022.1.3/bin/ninja/win/ninja.exe cmTC_e7486 && [1/2] Building C object CMakeFiles/cmTC_e7486.dir/CheckSymbolExists.c.obj
FAILED: CMakeFiles/cmTC_e7486.dir/CheckSymbolExists.c.obj 
C:\PROGRA~1\JETBRA~1\CLION2~1.3\bin\mingw\bin\gcc.exe    -o CMakeFiles/cmTC_e7486.dir/CheckSymbolExists.c.obj -c C:/github/sdl-game-project/mygame/cmake-build-debug/CMakeFiles/CMakeTmp/CheckSymbolExists.c
C:/github/sdl-game-project/mygame/cmake-build-debug/CMakeFiles/CMakeTmp/CheckSymbolExists.c: In function 'main':
C:/github/sdl-game-project/mygame/cmake-build-debug/CMakeFiles/CMakeTmp/CheckSymbolExists.c:8:19: error: '__GLIBC__' undeclared (first use in this function); did you mean '__LINE__'?
    8 |   return ((int*)(&__GLIBC__))[argc];
      |                   ^~~~~~~~~
      |                   __LINE__
C:/github/sdl-game-project/mygame/cmake-build-debug/CMakeFiles/CMakeTmp/CheckSymbolExists.c:8:19: note: each undeclared identifier is reported only once for each function it appears in
ninja: build stopped: subcommand failed.


File C:/github/sdl-game-project/mygame/cmake-build-debug/CMakeFiles/CMakeTmp/CheckSymbolExists.c:
/* */
#include <stdlib.h>

int main(int argc, char** argv)
{
  (void)argv;
#ifndef __GLIBC__
  return ((int*)(&__GLIBC__))[argc];
#else
  (void)argc;
  return 0;
#endif
}
Performing C SOURCE FILE Test CHECK_CPU_ARCHITECTURE_X86 failed with the following output:
Change Dir: C:/github/sdl-game-project/mygame/cmake-build-debug/CMakeFiles/CMakeTmp

Run Build Command(s):C:/Program Files/JetBrains/CLion 2022.1.3/bin/ninja/win/ninja.exe cmTC_7bdb4 && [1/2] Building C object CMakeFiles/cmTC_7bdb4.dir/src.c.obj
FAILED: CMakeFiles/cmTC_7bdb4.dir/src.c.obj 
C:\PROGRA~1\JETBRA~1\CLION2~1.3\bin\mingw\bin\gcc.exe -DCHECK_CPU_ARCHITECTURE_X86   -o CMakeFiles/cmTC_7bdb4.dir/src.c.obj -c C:/github/sdl-game-project/mygame/cmake-build-debug/CMakeFiles/CMakeTmp/src.c
C:/github/sdl-game-project/mygame/cmake-build-debug/CMakeFiles/CMakeTmp/src.c: In function 'main':
C:/github/sdl-game-project/mygame/cmake-build-debug/CMakeFiles/CMakeTmp/src.c:6:3: error: 'choke' undeclared (first use in this function)
    6 |   choke
      |   ^~~~~
C:/github/sdl-game-project/mygame/cmake-build-debug/CMakeFiles/CMakeTmp/src.c:6:3: note: each undeclared identifier is reported only once for each function it appears in
C:/github/sdl-game-project/mygame/cmake-build-debug/CMakeFiles/CMakeTmp/src.c:6:8: error: expected ';' before '}' token
    6 |   choke
      |        ^
      |        ;
    7 | #endif
    8 | }
      | ~       
ninja: build stopped: subcommand failed.


Source file was:

int main(int argc, char *argv[]) {
#if defined(__i386__) || defined(__i486__) || defined(__i586__) || defined(__i686__) ||defined( __i386) || defined(_M_IX86)
  return 0;
#else
  choke
#endif
}

Performing C SOURCE FILE Test CHECK_CPU_ARCHITECTURE_ARM32 failed with the following output:
Change Dir: C:/github/sdl-game-project/mygame/cmake-build-debug/CMakeFiles/CMakeTmp

Run Build Command(s):C:/Program Files/JetBrains/CLion 2022.1.3/bin/ninja/win/ninja.exe cmTC_5e164 && [1/2] Building C object CMakeFiles/cmTC_5e164.dir/src.c.obj
FAILED: CMakeFiles/cmTC_5e164.dir/src.c.obj 
C:\PROGRA~1\JETBRA~1\CLION2~1.3\bin\mingw\bin\gcc.exe -DCHECK_CPU_ARCHITECTURE_ARM32   -o CMakeFiles/cmTC_5e164.dir/src.c.obj -c C:/github/sdl-game-project/mygame/cmake-build-debug/CMakeFiles/CMakeTmp/src.c
C:/github/sdl-game-project/mygame/cmake-build-debug/CMakeFiles/CMakeTmp/src.c: In function 'main':
C:/github/sdl-game-project/mygame/cmake-build-debug/CMakeFiles/CMakeTmp/src.c:6:3: error: 'choke' undeclared (first use in this function)
    6 |   choke
      |   ^~~~~
C:/github/sdl-game-project/mygame/cmake-build-debug/CMakeFiles/CMakeTmp/src.c:6:3: note: each undeclared identifier is reported only once for each function it appears in
C:/github/sdl-game-project/mygame/cmake-build-debug/CMakeFiles/CMakeTmp/src.c:6:8: error: expected ';' before '}' token
    6 |   choke
      |        ^
      |        ;
    7 | #endif
    8 | }
      | ~       
ninja: build stopped: subcommand failed.


Source file was:

int main(int argc, char *argv[]) {
#if defined(__arm__) || defined(_M_ARM)
  return 0;
#else
  choke
#endif
}

Performing C SOURCE FILE Test CHECK_CPU_ARCHITECTURE_ARM64 failed with the following output:
Change Dir: C:/github/sdl-game-project/mygame/cmake-build-debug/CMakeFiles/CMakeTmp

Run Build Command(s):C:/Program Files/JetBrains/CLion 2022.1.3/bin/ninja/win/ninja.exe cmTC_915eb && [1/2] Building C object CMakeFiles/cmTC_915eb.dir/src.c.obj
FAILED: CMakeFiles/cmTC_915eb.dir/src.c.obj 
C:\PROGRA~1\JETBRA~1\CLION2~1.3\bin\mingw\bin\gcc.exe -DCHECK_CPU_ARCHITECTURE_ARM64   -o CMakeFiles/cmTC_915eb.dir/src.c.obj -c C:/github/sdl-game-project/mygame/cmake-build-debug/CMakeFiles/CMakeTmp/src.c
C:/github/sdl-game-project/mygame/cmake-build-debug/CMakeFiles/CMakeTmp/src.c: In function 'main':
C:/github/sdl-game-project/mygame/cmake-build-debug/CMakeFiles/CMakeTmp/src.c:6:3: error: 'choke' undeclared (first use in this function)
    6 |   choke
      |   ^~~~~
C:/github/sdl-game-project/mygame/cmake-build-debug/CMakeFiles/CMakeTmp/src.c:6:3: note: each undeclared identifier is reported only once for each function it appears in
C:/github/sdl-game-project/mygame/cmake-build-debug/CMakeFiles/CMakeTmp/src.c:6:8: error: expected ';' before '}' token
    6 |   choke
      |        ^
      |        ;
    7 | #endif
    8 | }
      | ~       
ninja: build stopped: subcommand failed.


Source file was:

int main(int argc, char *argv[]) {
#if defined(__aarch64__) || defined(_M_ARM64)
  return 0;
#else
  choke
#endif
}

Performing C SOURCE FILE Test CHECK_CPU_ARCHITECTURE_LOONGARCH64 failed with the following output:
Change Dir: C:/github/sdl-game-project/mygame/cmake-build-debug/CMakeFiles/CMakeTmp

Run Build Command(s):C:/Program Files/JetBrains/CLion 2022.1.3/bin/ninja/win/ninja.exe cmTC_7dcf9 && [1/2] Building C object CMakeFiles/cmTC_7dcf9.dir/src.c.obj
FAILED: CMakeFiles/cmTC_7dcf9.dir/src.c.obj 
C:\PROGRA~1\JETBRA~1\CLION2~1.3\bin\mingw\bin\gcc.exe -DCHECK_CPU_ARCHITECTURE_LOONGARCH64   -o CMakeFiles/cmTC_7dcf9.dir/src.c.obj -c C:/github/sdl-game-project/mygame/cmake-build-debug/CMakeFiles/CMakeTmp/src.c
C:/github/sdl-game-project/mygame/cmake-build-debug/CMakeFiles/CMakeTmp/src.c: In function 'main':
C:/github/sdl-game-project/mygame/cmake-build-debug/CMakeFiles/CMakeTmp/src.c:6:3: error: 'choke' undeclared (first use in this function)
    6 |   choke
      |   ^~~~~
C:/github/sdl-game-project/mygame/cmake-build-debug/CMakeFiles/CMakeTmp/src.c:6:3: note: each undeclared identifier is reported only once for each function it appears in
C:/github/sdl-game-project/mygame/cmake-build-debug/CMakeFiles/CMakeTmp/src.c:6:8: error: expected ';' before '}' token
    6 |   choke
      |        ^
      |        ;
    7 | #endif
    8 | }
      | ~       
ninja: build stopped: subcommand failed.


Source file was:

int main(int argc, char *argv[]) {
#if defined(__loongarch64)
  return 0;
#else
  choke
#endif
}

Performing C SOURCE FILE Test HAVE_GCC_WDOCUMENTATION failed with the following output:
Change Dir: C:/github/sdl-game-project/mygame/cmake-build-debug/CMakeFiles/CMakeTmp

Run Build Command(s):C:/Program Files/JetBrains/CLion 2022.1.3/bin/ninja/win/ninja.exe cmTC_e4e7a && [1/2] Building C object CMakeFiles/cmTC_e4e7a.dir/src.c.obj
FAILED: CMakeFiles/cmTC_e4e7a.dir/src.c.obj 
C:\PROGRA~1\JETBRA~1\CLION2~1.3\bin\mingw\bin\gcc.exe -DHAVE_GCC_WDOCUMENTATION  -idirafter "C:/github/sdl-game-project/mygame/vendored/sdl/src/video/khronos"  -D_GNU_SOURCE=1   -Wdocumentation -o CMakeFiles/cmTC_e4e7a.dir/src.c.obj -c C:/github/sdl-game-project/mygame/cmake-build-debug/CMakeFiles/CMakeTmp/src.c
gcc.exe: error: unrecognized command-line option '-Wdocumentation'
ninja: build stopped: subcommand failed.


Source file was:
int main(void) { return 0; }
Performing C SOURCE FILE Test HAVE_GCC_WDOCUMENTATION_UNKNOWN_COMMAND failed with the following output:
Change Dir: C:/github/sdl-game-project/mygame/cmake-build-debug/CMakeFiles/CMakeTmp

Run Build Command(s):C:/Program Files/JetBrains/CLion 2022.1.3/bin/ninja/win/ninja.exe cmTC_41fa6 && [1/2] Building C object CMakeFiles/cmTC_41fa6.dir/src.c.obj
FAILED: CMakeFiles/cmTC_41fa6.dir/src.c.obj 
C:\PROGRA~1\JETBRA~1\CLION2~1.3\bin\mingw\bin\gcc.exe -DHAVE_GCC_WDOCUMENTATION_UNKNOWN_COMMAND  -idirafter "C:/github/sdl-game-project/mygame/vendored/sdl/src/video/khronos"  -D_GNU_SOURCE=1   -Wdocumentation-unknown-command -o CMakeFiles/cmTC_41fa6.dir/src.c.obj -c C:/github/sdl-game-project/mygame/cmake-build-debug/CMakeFiles/CMakeTmp/src.c
gcc.exe: error: unrecognized command-line option '-Wdocumentation-unknown-command'
ninja: build stopped: subcommand failed.


Source file was:
int main(void) { return 0; }
Performing C SOURCE FILE Test HAVE_GCC_COMMENT_BLOCK_COMMANDS failed with the following output:
Change Dir: C:/github/sdl-game-project/mygame/cmake-build-debug/CMakeFiles/CMakeTmp

Run Build Command(s):C:/Program Files/JetBrains/CLion 2022.1.3/bin/ninja/win/ninja.exe cmTC_a643c && [1/2] Building C object CMakeFiles/cmTC_a643c.dir/src.c.obj
FAILED: CMakeFiles/cmTC_a643c.dir/src.c.obj 
C:\PROGRA~1\JETBRA~1\CLION2~1.3\bin\mingw\bin\gcc.exe -DHAVE_GCC_COMMENT_BLOCK_COMMANDS  -idirafter "C:/github/sdl-game-project/mygame/vendored/sdl/src/video/khronos"  -D_GNU_SOURCE=1   -fcomment-block-commands=threadsafety -o CMakeFiles/cmTC_a643c.dir/src.c.obj -c C:/github/sdl-game-project/mygame/cmake-build-debug/CMakeFiles/CMakeTmp/src.c
gcc.exe: error: unrecognized command-line option '-fcomment-block-commands=threadsafety'
ninja: build stopped: subcommand failed.


Source file was:
int main(void) { return 0; }
Performing C SOURCE FILE Test HAVE_CLANG_COMMENT_BLOCK_COMMANDS failed with the following output:
Change Dir: C:/github/sdl-game-project/mygame/cmake-build-debug/CMakeFiles/CMakeTmp

Run Build Command(s):C:/Program Files/JetBrains/CLion 2022.1.3/bin/ninja/win/ninja.exe cmTC_6009c && [1/2] Building C object CMakeFiles/cmTC_6009c.dir/src.c.obj
FAILED: CMakeFiles/cmTC_6009c.dir/src.c.obj 
C:\PROGRA~1\JETBRA~1\CLION2~1.3\bin\mingw\bin\gcc.exe -DHAVE_CLANG_COMMENT_BLOCK_COMMANDS  -idirafter "C:/github/sdl-game-project/mygame/vendored/sdl/src/video/khronos"  -D_GNU_SOURCE=1   /clang:-fcomment-block-commands=threadsafety -o CMakeFiles/cmTC_6009c.dir/src.c.obj -c C:/github/sdl-game-project/mygame/cmake-build-debug/CMakeFiles/CMakeTmp/src.c
gcc.exe: warning: /clang:-fcomment-block-commands=threadsafety: linker input file unused because linking not done
gcc.exe: error: /clang:-fcomment-block-commands=threadsafety: linker input file not found: No such file or directory
ninja: build stopped: subcommand failed.


Source file was:
int main(void) { return 0; }
Performing C SOURCE FILE Test HAVE_ALTIVEC_H_HDR failed with the following output:
Change Dir: C:/github/sdl-game-project/mygame/cmake-build-debug/CMakeFiles/CMakeTmp

Run Build Command(s):C:/Program Files/JetBrains/CLion 2022.1.3/bin/ninja/win/ninja.exe cmTC_92322 && [1/2] Building C object CMakeFiles/cmTC_92322.dir/src.c.obj
FAILED: CMakeFiles/cmTC_92322.dir/src.c.obj 
C:\PROGRA~1\JETBRA~1\CLION2~1.3\bin\mingw\bin\gcc.exe -DHAVE_ALTIVEC_H_HDR  -idirafter "C:/github/sdl-game-project/mygame/vendored/sdl/src/video/khronos" -maltivec -o CMakeFiles/cmTC_92322.dir/src.c.obj -c C:/github/sdl-game-project/mygame/cmake-build-debug/CMakeFiles/CMakeTmp/src.c
gcc.exe: error: unrecognized command-line option '-maltivec'
ninja: build stopped: subcommand failed.


Source file was:

          #include <altivec.h>
          vector unsigned int vzero() {
              return vec_splat_u32(0);
          }
          int main(int argc, char **argv) { return 0; }
Performing C SOURCE FILE Test CPU_SUPPORTS_ALTIVEC failed with the following output:
Change Dir: C:/github/sdl-game-project/mygame/cmake-build-debug/CMakeFiles/CMakeTmp

Run Build Command(s):C:/Program Files/JetBrains/CLion 2022.1.3/bin/ninja/win/ninja.exe cmTC_b5490 && [1/2] Building C object CMakeFiles/cmTC_b5490.dir/src.c.obj
FAILED: CMakeFiles/cmTC_b5490.dir/src.c.obj 
C:\PROGRA~1\JETBRA~1\CLION2~1.3\bin\mingw\bin\gcc.exe -DCPU_SUPPORTS_ALTIVEC  -idirafter "C:/github/sdl-game-project/mygame/vendored/sdl/src/video/khronos" -maltivec -o CMakeFiles/cmTC_b5490.dir/src.c.obj -c C:/github/sdl-game-project/mygame/cmake-build-debug/CMakeFiles/CMakeTmp/src.c
gcc.exe: error: unrecognized command-line option '-maltivec'
ninja: build stopped: subcommand failed.


Source file was:

          vector unsigned int vzero() {
              return vec_splat_u32(0);
          }
          int main(int argc, char **argv) { return 0; }
Determining if the include file iconv.h exists failed with the following output:
Change Dir: C:/github/sdl-game-project/mygame/cmake-build-debug/CMakeFiles/CMakeTmp

Run Build Command(s):C:/Program Files/JetBrains/CLion 2022.1.3/bin/ninja/win/ninja.exe cmTC_47687 && [1/2] Building C object CMakeFiles/cmTC_47687.dir/CheckIncludeFile.c.obj
FAILED: CMakeFiles/cmTC_47687.dir/CheckIncludeFile.c.obj 
C:\PROGRA~1\JETBRA~1\CLION2~1.3\bin\mingw\bin\gcc.exe   -idirafter "C:/github/sdl-game-project/mygame/vendored/sdl/src/video/khronos"  -D_GNU_SOURCE=1 -o CMakeFiles/cmTC_47687.dir/CheckIncludeFile.c.obj -c C:/github/sdl-game-project/mygame/cmake-build-debug/CMakeFiles/CMakeTmp/CheckIncludeFile.c
C:/github/sdl-game-project/mygame/cmake-build-debug/CMakeFiles/CMakeTmp/CheckIncludeFile.c:1:10: fatal error: iconv.h: No such file or directory
    1 | #include <iconv.h>
      |          ^~~~~~~~~
compilation terminated.
ninja: build stopped: subcommand failed.



Performing C SOURCE FILE Test HAVE_MPROTECT failed with the following output:
Change Dir: C:/github/sdl-game-project/mygame/cmake-build-debug/CMakeFiles/CMakeTmp

Run Build Command(s):C:/Program Files/JetBrains/CLion 2022.1.3/bin/ninja/win/ninja.exe cmTC_bcefc && [1/2] Building C object CMakeFiles/cmTC_bcefc.dir/src.c.obj
FAILED: CMakeFiles/cmTC_bcefc.dir/src.c.obj 
C:\PROGRA~1\JETBRA~1\CLION2~1.3\bin\mingw\bin\gcc.exe -DHAVE_MPROTECT  -idirafter "C:/github/sdl-game-project/mygame/vendored/sdl/src/video/khronos"  -D_GNU_SOURCE=1 -o CMakeFiles/cmTC_bcefc.dir/src.c.obj -c C:/github/sdl-game-project/mygame/cmake-build-debug/CMakeFiles/CMakeTmp/src.c
C:/github/sdl-game-project/mygame/cmake-build-debug/CMakeFiles/CMakeTmp/src.c:2:39: fatal error: sys/mman.h: No such file or directory
    2 |                              #include <sys/mman.h>
      |                                       ^~~~~~~~~~~~
compilation terminated.
ninja: build stopped: subcommand failed.


Source file was:
#include <sys/types.h>
                             #include <sys/mman.h>
                             int main(void) { return 0; }
Determining if the setenv exist failed with the following output:
Change Dir: C:/github/sdl-game-project/mygame/cmake-build-debug/CMakeFiles/CMakeTmp

Run Build Command(s):C:/Program Files/JetBrains/CLion 2022.1.3/bin/ninja/win/ninja.exe cmTC_c625b && [1/2] Building C object CMakeFiles/cmTC_c625b.dir/CheckSymbolExists.c.obj
FAILED: CMakeFiles/cmTC_c625b.dir/CheckSymbolExists.c.obj 
C:\PROGRA~1\JETBRA~1\CLION2~1.3\bin\mingw\bin\gcc.exe   -idirafter "C:/github/sdl-game-project/mygame/vendored/sdl/src/video/khronos"  -D_GNU_SOURCE=1 -o CMakeFiles/cmTC_c625b.dir/CheckSymbolExists.c.obj -c C:/github/sdl-game-project/mygame/cmake-build-debug/CMakeFiles/CMakeTmp/CheckSymbolExists.c
C:/github/sdl-game-project/mygame/cmake-build-debug/CMakeFiles/CMakeTmp/CheckSymbolExists.c: In function 'main':
C:/github/sdl-game-project/mygame/cmake-build-debug/CMakeFiles/CMakeTmp/CheckSymbolExists.c:14:19: error: 'setenv' undeclared (first use in this function); did you mean 'getenv'?
   14 |   return ((int*)(&setenv))[argc];
      |                   ^~~~~~
      |                   getenv
C:/github/sdl-game-project/mygame/cmake-build-debug/CMakeFiles/CMakeTmp/CheckSymbolExists.c:14:19: note: each undeclared identifier is reported only once for each function it appears in
ninja: build stopped: subcommand failed.


File C:/github/sdl-game-project/mygame/cmake-build-debug/CMakeFiles/CMakeTmp/CheckSymbolExists.c:
/* */
#include <stddef.h>
#include <stdarg.h>
#include <stdlib.h>
#include <string.h>
#include <stdio.h>
#include <wchar.h>
#include <float.h>

int main(int argc, char** argv)
{
  (void)argv;
#ifndef setenv
  return ((int*)(&setenv))[argc];
#else
  (void)argc;
  return 0;
#endif
}
Determining if the unsetenv exist failed with the following output:
Change Dir: C:/github/sdl-game-project/mygame/cmake-build-debug/CMakeFiles/CMakeTmp

Run Build Command(s):C:/Program Files/JetBrains/CLion 2022.1.3/bin/ninja/win/ninja.exe cmTC_b97b6 && [1/2] Building C object CMakeFiles/cmTC_b97b6.dir/CheckSymbolExists.c.obj
FAILED: CMakeFiles/cmTC_b97b6.dir/CheckSymbolExists.c.obj 
C:\PROGRA~1\JETBRA~1\CLION2~1.3\bin\mingw\bin\gcc.exe   -idirafter "C:/github/sdl-game-project/mygame/vendored/sdl/src/video/khronos"  -D_GNU_SOURCE=1 -o CMakeFiles/cmTC_b97b6.dir/CheckSymbolExists.c.obj -c C:/github/sdl-game-project/mygame/cmake-build-debug/CMakeFiles/CMakeTmp/CheckSymbolExists.c
C:/github/sdl-game-project/mygame/cmake-build-debug/CMakeFiles/CMakeTmp/CheckSymbolExists.c: In function 'main':
C:/github/sdl-game-project/mygame/cmake-build-debug/CMakeFiles/CMakeTmp/CheckSymbolExists.c:14:19: error: 'unsetenv' undeclared (first use in this function)
   14 |   return ((int*)(&unsetenv))[argc];
      |                   ^~~~~~~~
C:/github/sdl-game-project/mygame/cmake-build-debug/CMakeFiles/CMakeTmp/CheckSymbolExists.c:14:19: note: each undeclared identifier is reported only once for each function it appears in
ninja: build stopped: subcommand failed.


File C:/github/sdl-game-project/mygame/cmake-build-debug/CMakeFiles/CMakeTmp/CheckSymbolExists.c:
/* */
#include <stddef.h>
#include <stdarg.h>
#include <stdlib.h>
#include <string.h>
#include <stdio.h>
#include <wchar.h>
#include <float.h>

int main(int argc, char** argv)
{
  (void)argv;
#ifndef unsetenv
  return ((int*)(&unsetenv))[argc];
#else
  (void)argc;
  return 0;
#endif
}
Determining if the bcopy exist failed with the following output:
Change Dir: C:/github/sdl-game-project/mygame/cmake-build-debug/CMakeFiles/CMakeTmp

Run Build Command(s):C:/Program Files/JetBrains/CLion 2022.1.3/bin/ninja/win/ninja.exe cmTC_e7ca7 && [1/2] Building C object CMakeFiles/cmTC_e7ca7.dir/CheckSymbolExists.c.obj
FAILED: CMakeFiles/cmTC_e7ca7.dir/CheckSymbolExists.c.obj 
C:\PROGRA~1\JETBRA~1\CLION2~1.3\bin\mingw\bin\gcc.exe   -idirafter "C:/github/sdl-game-project/mygame/vendored/sdl/src/video/khronos"  -D_GNU_SOURCE=1 -o CMakeFiles/cmTC_e7ca7.dir/CheckSymbolExists.c.obj -c C:/github/sdl-game-project/mygame/cmake-build-debug/CMakeFiles/CMakeTmp/CheckSymbolExists.c
C:/github/sdl-game-project/mygame/cmake-build-debug/CMakeFiles/CMakeTmp/CheckSymbolExists.c: In function 'main':
C:/github/sdl-game-project/mygame/cmake-build-debug/CMakeFiles/CMakeTmp/CheckSymbolExists.c:14:19: error: 'bcopy' undeclared (first use in this function)
   14 |   return ((int*)(&bcopy))[argc];
      |                   ^~~~~
C:/github/sdl-game-project/mygame/cmake-build-debug/CMakeFiles/CMakeTmp/CheckSymbolExists.c:14:19: note: each undeclared identifier is reported only once for each function it appears in
ninja: build stopped: subcommand failed.


File C:/github/sdl-game-project/mygame/cmake-build-debug/CMakeFiles/CMakeTmp/CheckSymbolExists.c:
/* */
#include <stddef.h>
#include <stdarg.h>
#include <stdlib.h>
#include <string.h>
#include <stdio.h>
#include <wchar.h>
#include <float.h>

int main(int argc, char** argv)
{
  (void)argv;
#ifndef bcopy
  return ((int*)(&bcopy))[argc];
#else
  (void)argc;
  return 0;
#endif
}
Determining if the strlcpy exist failed with the following output:
Change Dir: C:/github/sdl-game-project/mygame/cmake-build-debug/CMakeFiles/CMakeTmp

Run Build Command(s):C:/Program Files/JetBrains/CLion 2022.1.3/bin/ninja/win/ninja.exe cmTC_f1eb6 && [1/2] Building C object CMakeFiles/cmTC_f1eb6.dir/CheckSymbolExists.c.obj
FAILED: CMakeFiles/cmTC_f1eb6.dir/CheckSymbolExists.c.obj 
C:\PROGRA~1\JETBRA~1\CLION2~1.3\bin\mingw\bin\gcc.exe   -idirafter "C:/github/sdl-game-project/mygame/vendored/sdl/src/video/khronos"  -D_GNU_SOURCE=1 -o CMakeFiles/cmTC_f1eb6.dir/CheckSymbolExists.c.obj -c C:/github/sdl-game-project/mygame/cmake-build-debug/CMakeFiles/CMakeTmp/CheckSymbolExists.c
C:/github/sdl-game-project/mygame/cmake-build-debug/CMakeFiles/CMakeTmp/CheckSymbolExists.c: In function 'main':
C:/github/sdl-game-project/mygame/cmake-build-debug/CMakeFiles/CMakeTmp/CheckSymbolExists.c:14:19: error: 'strlcpy' undeclared (first use in this function); did you mean 'strncpy'?
   14 |   return ((int*)(&strlcpy))[argc];
      |                   ^~~~~~~
      |                   strncpy
C:/github/sdl-game-project/mygame/cmake-build-debug/CMakeFiles/CMakeTmp/CheckSymbolExists.c:14:19: note: each undeclared identifier is reported only once for each function it appears in
ninja: build stopped: subcommand failed.


File C:/github/sdl-game-project/mygame/cmake-build-debug/CMakeFiles/CMakeTmp/CheckSymbolExists.c:
/* */
#include <stddef.h>
#include <stdarg.h>
#include <stdlib.h>
#include <string.h>
#include <stdio.h>
#include <wchar.h>
#include <float.h>

int main(int argc, char** argv)
{
  (void)argv;
#ifndef strlcpy
  return ((int*)(&strlcpy))[argc];
#else
  (void)argc;
  return 0;
#endif
}
Determining if the strlcat exist failed with the following output:
Change Dir: C:/github/sdl-game-project/mygame/cmake-build-debug/CMakeFiles/CMakeTmp

Run Build Command(s):C:/Program Files/JetBrains/CLion 2022.1.3/bin/ninja/win/ninja.exe cmTC_23925 && [1/2] Building C object CMakeFiles/cmTC_23925.dir/CheckSymbolExists.c.obj
FAILED: CMakeFiles/cmTC_23925.dir/CheckSymbolExists.c.obj 
C:\PROGRA~1\JETBRA~1\CLION2~1.3\bin\mingw\bin\gcc.exe   -idirafter "C:/github/sdl-game-project/mygame/vendored/sdl/src/video/khronos"  -D_GNU_SOURCE=1 -o CMakeFiles/cmTC_23925.dir/CheckSymbolExists.c.obj -c C:/github/sdl-game-project/mygame/cmake-build-debug/CMakeFiles/CMakeTmp/CheckSymbolExists.c
C:/github/sdl-game-project/mygame/cmake-build-debug/CMakeFiles/CMakeTmp/CheckSymbolExists.c: In function 'main':
C:/github/sdl-game-project/mygame/cmake-build-debug/CMakeFiles/CMakeTmp/CheckSymbolExists.c:14:19: error: 'strlcat' undeclared (first use in this function); did you mean 'strncat'?
   14 |   return ((int*)(&strlcat))[argc];
      |                   ^~~~~~~
      |                   strncat
C:/github/sdl-game-project/mygame/cmake-build-debug/CMakeFiles/CMakeTmp/CheckSymbolExists.c:14:19: note: each undeclared identifier is reported only once for each function it appears in
ninja: build stopped: subcommand failed.


File C:/github/sdl-game-project/mygame/cmake-build-debug/CMakeFiles/CMakeTmp/CheckSymbolExists.c:
/* */
#include <stddef.h>
#include <stdarg.h>
#include <stdlib.h>
#include <string.h>
#include <stdio.h>
#include <wchar.h>
#include <float.h>

int main(int argc, char** argv)
{
  (void)argv;
#ifndef strlcat
  return ((int*)(&strlcat))[argc];
#else
  (void)argc;
  return 0;
#endif
}
Determining if the index exist failed with the following output:
Change Dir: C:/github/sdl-game-project/mygame/cmake-build-debug/CMakeFiles/CMakeTmp

Run Build Command(s):C:/Program Files/JetBrains/CLion 2022.1.3/bin/ninja/win/ninja.exe cmTC_6136f && [1/2] Building C object CMakeFiles/cmTC_6136f.dir/CheckSymbolExists.c.obj
FAILED: CMakeFiles/cmTC_6136f.dir/CheckSymbolExists.c.obj 
C:\PROGRA~1\JETBRA~1\CLION2~1.3\bin\mingw\bin\gcc.exe   -idirafter "C:/github/sdl-game-project/mygame/vendored/sdl/src/video/khronos"  -D_GNU_SOURCE=1 -o CMakeFiles/cmTC_6136f.dir/CheckSymbolExists.c.obj -c C:/github/sdl-game-project/mygame/cmake-build-debug/CMakeFiles/CMakeTmp/CheckSymbolExists.c
C:/github/sdl-game-project/mygame/cmake-build-debug/CMakeFiles/CMakeTmp/CheckSymbolExists.c: In function 'main':
C:/github/sdl-game-project/mygame/cmake-build-debug/CMakeFiles/CMakeTmp/CheckSymbolExists.c:14:19: error: 'index' undeclared (first use in this function)
   14 |   return ((int*)(&index))[argc];
      |                   ^~~~~
C:/github/sdl-game-project/mygame/cmake-build-debug/CMakeFiles/CMakeTmp/CheckSymbolExists.c:14:19: note: each undeclared identifier is reported only once for each function it appears in
ninja: build stopped: subcommand failed.


File C:/github/sdl-game-project/mygame/cmake-build-debug/CMakeFiles/CMakeTmp/CheckSymbolExists.c:
/* */
#include <stddef.h>
#include <stdarg.h>
#include <stdlib.h>
#include <string.h>
#include <stdio.h>
#include <wchar.h>
#include <float.h>

int main(int argc, char** argv)
{
  (void)argv;
#ifndef index
  return ((int*)(&index))[argc];
#else
  (void)argc;
  return 0;
#endif
}
Determining if the rindex exist failed with the following output:
Change Dir: C:/github/sdl-game-project/mygame/cmake-build-debug/CMakeFiles/CMakeTmp

Run Build Command(s):C:/Program Files/JetBrains/CLion 2022.1.3/bin/ninja/win/ninja.exe cmTC_f3bfb && [1/2] Building C object CMakeFiles/cmTC_f3bfb.dir/CheckSymbolExists.c.obj
FAILED: CMakeFiles/cmTC_f3bfb.dir/CheckSymbolExists.c.obj 
C:\PROGRA~1\JETBRA~1\CLION2~1.3\bin\mingw\bin\gcc.exe   -idirafter "C:/github/sdl-game-project/mygame/vendored/sdl/src/video/khronos"  -D_GNU_SOURCE=1 -o CMakeFiles/cmTC_f3bfb.dir/CheckSymbolExists.c.obj -c C:/github/sdl-game-project/mygame/cmake-build-debug/CMakeFiles/CMakeTmp/CheckSymbolExists.c
C:/github/sdl-game-project/mygame/cmake-build-debug/CMakeFiles/CMakeTmp/CheckSymbolExists.c: In function 'main':
C:/github/sdl-game-project/mygame/cmake-build-debug/CMakeFiles/CMakeTmp/CheckSymbolExists.c:14:19: error: 'rindex' undeclared (first use in this function)
   14 |   return ((int*)(&rindex))[argc];
      |                   ^~~~~~
C:/github/sdl-game-project/mygame/cmake-build-debug/CMakeFiles/CMakeTmp/CheckSymbolExists.c:14:19: note: each undeclared identifier is reported only once for each function it appears in
ninja: build stopped: subcommand failed.


File C:/github/sdl-game-project/mygame/cmake-build-debug/CMakeFiles/CMakeTmp/CheckSymbolExists.c:
/* */
#include <stddef.h>
#include <stdarg.h>
#include <stdlib.h>
#include <string.h>
#include <stdio.h>
#include <wchar.h>
#include <float.h>

int main(int argc, char** argv)
{
  (void)argv;
#ifndef rindex
  return ((int*)(&rindex))[argc];
#else
  (void)argc;
  return 0;
#endif
}
Determining if the _uitoa exist failed with the following output:
Change Dir: C:/github/sdl-game-project/mygame/cmake-build-debug/CMakeFiles/CMakeTmp

Run Build Command(s):C:/Program Files/JetBrains/CLion 2022.1.3/bin/ninja/win/ninja.exe cmTC_63fda && [1/2] Building C object CMakeFiles/cmTC_63fda.dir/CheckSymbolExists.c.obj
FAILED: CMakeFiles/cmTC_63fda.dir/CheckSymbolExists.c.obj 
C:\PROGRA~1\JETBRA~1\CLION2~1.3\bin\mingw\bin\gcc.exe   -idirafter "C:/github/sdl-game-project/mygame/vendored/sdl/src/video/khronos"  -D_GNU_SOURCE=1 -o CMakeFiles/cmTC_63fda.dir/CheckSymbolExists.c.obj -c C:/github/sdl-game-project/mygame/cmake-build-debug/CMakeFiles/CMakeTmp/CheckSymbolExists.c
C:/github/sdl-game-project/mygame/cmake-build-debug/CMakeFiles/CMakeTmp/CheckSymbolExists.c: In function 'main':
C:/github/sdl-game-project/mygame/cmake-build-debug/CMakeFiles/CMakeTmp/CheckSymbolExists.c:14:19: error: '_uitoa' undeclared (first use in this function); did you mean '_ultoa'?
   14 |   return ((int*)(&_uitoa))[argc];
      |                   ^~~~~~
      |                   _ultoa
C:/github/sdl-game-project/mygame/cmake-build-debug/CMakeFiles/CMakeTmp/CheckSymbolExists.c:14:19: note: each undeclared identifier is reported only once for each function it appears in
ninja: build stopped: subcommand failed.


File C:/github/sdl-game-project/mygame/cmake-build-debug/CMakeFiles/CMakeTmp/CheckSymbolExists.c:
/* */
#include <stddef.h>
#include <stdarg.h>
#include <stdlib.h>
#include <string.h>
#include <stdio.h>
#include <wchar.h>
#include <float.h>

int main(int argc, char** argv)
{
  (void)argv;
#ifndef _uitoa
  return ((int*)(&_uitoa))[argc];
#else
  (void)argc;
  return 0;
#endif
}
Determining if the strcasestr exist failed with the following output:
Change Dir: C:/github/sdl-game-project/mygame/cmake-build-debug/CMakeFiles/CMakeTmp

Run Build Command(s):C:/Program Files/JetBrains/CLion 2022.1.3/bin/ninja/win/ninja.exe cmTC_e687e && [1/2] Building C object CMakeFiles/cmTC_e687e.dir/CheckSymbolExists.c.obj
FAILED: CMakeFiles/cmTC_e687e.dir/CheckSymbolExists.c.obj 
C:\PROGRA~1\JETBRA~1\CLION2~1.3\bin\mingw\bin\gcc.exe   -idirafter "C:/github/sdl-game-project/mygame/vendored/sdl/src/video/khronos"  -D_GNU_SOURCE=1 -o CMakeFiles/cmTC_e687e.dir/CheckSymbolExists.c.obj -c C:/github/sdl-game-project/mygame/cmake-build-debug/CMakeFiles/CMakeTmp/CheckSymbolExists.c
C:/github/sdl-game-project/mygame/cmake-build-debug/CMakeFiles/CMakeTmp/CheckSymbolExists.c: In function 'main':
C:/github/sdl-game-project/mygame/cmake-build-debug/CMakeFiles/CMakeTmp/CheckSymbolExists.c:14:19: error: 'strcasestr' undeclared (first use in this function); did you mean 'strcasecmp'?
   14 |   return ((int*)(&strcasestr))[argc];
      |                   ^~~~~~~~~~
      |                   strcasecmp
C:/github/sdl-game-project/mygame/cmake-build-debug/CMakeFiles/CMakeTmp/CheckSymbolExists.c:14:19: note: each undeclared identifier is reported only once for each function it appears in
ninja: build stopped: subcommand failed.


File C:/github/sdl-game-project/mygame/cmake-build-debug/CMakeFiles/CMakeTmp/CheckSymbolExists.c:
/* */
#include <stddef.h>
#include <stdarg.h>
#include <stdlib.h>
#include <string.h>
#include <stdio.h>
#include <wchar.h>
#include <float.h>

int main(int argc, char** argv)
{
  (void)argv;
#ifndef strcasestr
  return ((int*)(&strcasestr))[argc];
#else
  (void)argc;
  return 0;
#endif
}
Determining if the wcslcat exist failed with the following output:
Change Dir: C:/github/sdl-game-project/mygame/cmake-build-debug/CMakeFiles/CMakeTmp

Run Build Command(s):C:/Program Files/JetBrains/CLion 2022.1.3/bin/ninja/win/ninja.exe cmTC_4f406 && [1/2] Building C object CMakeFiles/cmTC_4f406.dir/CheckSymbolExists.c.obj
FAILED: CMakeFiles/cmTC_4f406.dir/CheckSymbolExists.c.obj 
C:\PROGRA~1\JETBRA~1\CLION2~1.3\bin\mingw\bin\gcc.exe   -idirafter "C:/github/sdl-game-project/mygame/vendored/sdl/src/video/khronos"  -D_GNU_SOURCE=1 -o CMakeFiles/cmTC_4f406.dir/CheckSymbolExists.c.obj -c C:/github/sdl-game-project/mygame/cmake-build-debug/CMakeFiles/CMakeTmp/CheckSymbolExists.c
C:/github/sdl-game-project/mygame/cmake-build-debug/CMakeFiles/CMakeTmp/CheckSymbolExists.c: In function 'main':
C:/github/sdl-game-project/mygame/cmake-build-debug/CMakeFiles/CMakeTmp/CheckSymbolExists.c:14:19: error: 'wcslcat' undeclared (first use in this function); did you mean 'wcsncat'?
   14 |   return ((int*)(&wcslcat))[argc];
      |                   ^~~~~~~
      |                   wcsncat
C:/github/sdl-game-project/mygame/cmake-build-debug/CMakeFiles/CMakeTmp/CheckSymbolExists.c:14:19: note: each undeclared identifier is reported only once for each function it appears in
ninja: build stopped: subcommand failed.


File C:/github/sdl-game-project/mygame/cmake-build-debug/CMakeFiles/CMakeTmp/CheckSymbolExists.c:
/* */
#include <stddef.h>
#include <stdarg.h>
#include <stdlib.h>
#include <string.h>
#include <stdio.h>
#include <wchar.h>
#include <float.h>

int main(int argc, char** argv)
{
  (void)argv;
#ifndef wcslcat
  return ((int*)(&wcslcat))[argc];
#else
  (void)argc;
  return 0;
#endif
}
Determining if the wcslcpy exist failed with the following output:
Change Dir: C:/github/sdl-game-project/mygame/cmake-build-debug/CMakeFiles/CMakeTmp

Run Build Command(s):C:/Program Files/JetBrains/CLion 2022.1.3/bin/ninja/win/ninja.exe cmTC_10919 && [1/2] Building C object CMakeFiles/cmTC_10919.dir/CheckSymbolExists.c.obj
FAILED: CMakeFiles/cmTC_10919.dir/CheckSymbolExists.c.obj 
C:\PROGRA~1\JETBRA~1\CLION2~1.3\bin\mingw\bin\gcc.exe   -idirafter "C:/github/sdl-game-project/mygame/vendored/sdl/src/video/khronos"  -D_GNU_SOURCE=1 -o CMakeFiles/cmTC_10919.dir/CheckSymbolExists.c.obj -c C:/github/sdl-game-project/mygame/cmake-build-debug/CMakeFiles/CMakeTmp/CheckSymbolExists.c
C:/github/sdl-game-project/mygame/cmake-build-debug/CMakeFiles/CMakeTmp/CheckSymbolExists.c: In function 'main':
C:/github/sdl-game-project/mygame/cmake-build-debug/CMakeFiles/CMakeTmp/CheckSymbolExists.c:14:19: error: 'wcslcpy' undeclared (first use in this function); did you mean 'wcsncpy'?
   14 |   return ((int*)(&wcslcpy))[argc];
      |                   ^~~~~~~
      |                   wcsncpy
C:/github/sdl-game-project/mygame/cmake-build-debug/CMakeFiles/CMakeTmp/CheckSymbolExists.c:14:19: note: each undeclared identifier is reported only once for each function it appears in
ninja: build stopped: subcommand failed.


File C:/github/sdl-game-project/mygame/cmake-build-debug/CMakeFiles/CMakeTmp/CheckSymbolExists.c:
/* */
#include <stddef.h>
#include <stdarg.h>
#include <stdlib.h>
#include <string.h>
#include <stdio.h>
#include <wchar.h>
#include <float.h>

int main(int argc, char** argv)
{
  (void)argv;
#ifndef wcslcpy
  return ((int*)(&wcslcpy))[argc];
#else
  (void)argc;
  return 0;
#endif
}
Determining if the wcscasecmp exist failed with the following output:
Change Dir: C:/github/sdl-game-project/mygame/cmake-build-debug/CMakeFiles/CMakeTmp

Run Build Command(s):C:/Program Files/JetBrains/CLion 2022.1.3/bin/ninja/win/ninja.exe cmTC_99c22 && [1/2] Building C object CMakeFiles/cmTC_99c22.dir/CheckSymbolExists.c.obj
FAILED: CMakeFiles/cmTC_99c22.dir/CheckSymbolExists.c.obj 
C:\PROGRA~1\JETBRA~1\CLION2~1.3\bin\mingw\bin\gcc.exe   -idirafter "C:/github/sdl-game-project/mygame/vendored/sdl/src/video/khronos"  -D_GNU_SOURCE=1 -o CMakeFiles/cmTC_99c22.dir/CheckSymbolExists.c.obj -c C:/github/sdl-game-project/mygame/cmake-build-debug/CMakeFiles/CMakeTmp/CheckSymbolExists.c
C:/github/sdl-game-project/mygame/cmake-build-debug/CMakeFiles/CMakeTmp/CheckSymbolExists.c: In function 'main':
C:/github/sdl-game-project/mygame/cmake-build-debug/CMakeFiles/CMakeTmp/CheckSymbolExists.c:14:19: error: 'wcscasecmp' undeclared (first use in this function); did you mean 'strcasecmp'?
   14 |   return ((int*)(&wcscasecmp))[argc];
      |                   ^~~~~~~~~~
      |                   strcasecmp
C:/github/sdl-game-project/mygame/cmake-build-debug/CMakeFiles/CMakeTmp/CheckSymbolExists.c:14:19: note: each undeclared identifier is reported only once for each function it appears in
ninja: build stopped: subcommand failed.


File C:/github/sdl-game-project/mygame/cmake-build-debug/CMakeFiles/CMakeTmp/CheckSymbolExists.c:
/* */
#include <stddef.h>
#include <stdarg.h>
#include <stdlib.h>
#include <string.h>
#include <stdio.h>
#include <wchar.h>
#include <float.h>

int main(int argc, char** argv)
{
  (void)argv;
#ifndef wcscasecmp
  return ((int*)(&wcscasecmp))[argc];
#else
  (void)argc;
  return 0;
#endif
}
Determining if the wcsncasecmp exist failed with the following output:
Change Dir: C:/github/sdl-game-project/mygame/cmake-build-debug/CMakeFiles/CMakeTmp

Run Build Command(s):C:/Program Files/JetBrains/CLion 2022.1.3/bin/ninja/win/ninja.exe cmTC_a4da9 && [1/2] Building C object CMakeFiles/cmTC_a4da9.dir/CheckSymbolExists.c.obj
FAILED: CMakeFiles/cmTC_a4da9.dir/CheckSymbolExists.c.obj 
C:\PROGRA~1\JETBRA~1\CLION2~1.3\bin\mingw\bin\gcc.exe   -idirafter "C:/github/sdl-game-project/mygame/vendored/sdl/src/video/khronos"  -D_GNU_SOURCE=1 -o CMakeFiles/cmTC_a4da9.dir/CheckSymbolExists.c.obj -c C:/github/sdl-game-project/mygame/cmake-build-debug/CMakeFiles/CMakeTmp/CheckSymbolExists.c
C:/github/sdl-game-project/mygame/cmake-build-debug/CMakeFiles/CMakeTmp/CheckSymbolExists.c: In function 'main':
C:/github/sdl-game-project/mygame/cmake-build-debug/CMakeFiles/CMakeTmp/CheckSymbolExists.c:14:19: error: 'wcsncasecmp' undeclared (first use in this function); did you mean 'strncasecmp'?
   14 |   return ((int*)(&wcsncasecmp))[argc];
      |                   ^~~~~~~~~~~
      |                   strncasecmp
C:/github/sdl-game-project/mygame/cmake-build-debug/CMakeFiles/CMakeTmp/CheckSymbolExists.c:14:19: note: each undeclared identifier is reported only once for each function it appears in
ninja: build stopped: subcommand failed.


File C:/github/sdl-game-project/mygame/cmake-build-debug/CMakeFiles/CMakeTmp/CheckSymbolExists.c:
/* */
#include <stddef.h>
#include <stdarg.h>
#include <stdlib.h>
#include <string.h>
#include <stdio.h>
#include <wchar.h>
#include <float.h>

int main(int argc, char** argv)
{
  (void)argv;
#ifndef wcsncasecmp
  return ((int*)(&wcsncasecmp))[argc];
#else
  (void)argc;
  return 0;
#endif
}
Determining if the sigaction exist failed with the following output:
Change Dir: C:/github/sdl-game-project/mygame/cmake-build-debug/CMakeFiles/CMakeTmp

Run Build Command(s):C:/Program Files/JetBrains/CLion 2022.1.3/bin/ninja/win/ninja.exe cmTC_bfc2c && [1/2] Building C object CMakeFiles/cmTC_bfc2c.dir/CheckSymbolExists.c.obj
FAILED: CMakeFiles/cmTC_bfc2c.dir/CheckSymbolExists.c.obj 
C:\PROGRA~1\JETBRA~1\CLION2~1.3\bin\mingw\bin\gcc.exe   -idirafter "C:/github/sdl-game-project/mygame/vendored/sdl/src/video/khronos"  -D_GNU_SOURCE=1 -o CMakeFiles/cmTC_bfc2c.dir/CheckSymbolExists.c.obj -c C:/github/sdl-game-project/mygame/cmake-build-debug/CMakeFiles/CMakeTmp/CheckSymbolExists.c
C:/github/sdl-game-project/mygame/cmake-build-debug/CMakeFiles/CMakeTmp/CheckSymbolExists.c: In function 'main':
C:/github/sdl-game-project/mygame/cmake-build-debug/CMakeFiles/CMakeTmp/CheckSymbolExists.c:8:19: error: 'sigaction' undeclared (first use in this function)
    8 |   return ((int*)(&sigaction))[argc];
      |                   ^~~~~~~~~
C:/github/sdl-game-project/mygame/cmake-build-debug/CMakeFiles/CMakeTmp/CheckSymbolExists.c:8:19: note: each undeclared identifier is reported only once for each function it appears in
ninja: build stopped: subcommand failed.


File C:/github/sdl-game-project/mygame/cmake-build-debug/CMakeFiles/CMakeTmp/CheckSymbolExists.c:
/* */
#include <signal.h>

int main(int argc, char** argv)
{
  (void)argv;
#ifndef sigaction
  return ((int*)(&sigaction))[argc];
#else
  (void)argc;
  return 0;
#endif
}
Determining if the sysconf exist failed with the following output:
Change Dir: C:/github/sdl-game-project/mygame/cmake-build-debug/CMakeFiles/CMakeTmp

Run Build Command(s):C:/Program Files/JetBrains/CLion 2022.1.3/bin/ninja/win/ninja.exe cmTC_67c2a && [1/2] Building C object CMakeFiles/cmTC_67c2a.dir/CheckSymbolExists.c.obj
FAILED: CMakeFiles/cmTC_67c2a.dir/CheckSymbolExists.c.obj 
C:\PROGRA~1\JETBRA~1\CLION2~1.3\bin\mingw\bin\gcc.exe   -idirafter "C:/github/sdl-game-project/mygame/vendored/sdl/src/video/khronos"  -D_GNU_SOURCE=1 -o CMakeFiles/cmTC_67c2a.dir/CheckSymbolExists.c.obj -c C:/github/sdl-game-project/mygame/cmake-build-debug/CMakeFiles/CMakeTmp/CheckSymbolExists.c
C:/github/sdl-game-project/mygame/cmake-build-debug/CMakeFiles/CMakeTmp/CheckSymbolExists.c: In function 'main':
C:/github/sdl-game-project/mygame/cmake-build-debug/CMakeFiles/CMakeTmp/CheckSymbolExists.c:8:19: error: 'sysconf' undeclared (first use in this function)
    8 |   return ((int*)(&sysconf))[argc];
      |                   ^~~~~~~
C:/github/sdl-game-project/mygame/cmake-build-debug/CMakeFiles/CMakeTmp/CheckSymbolExists.c:8:19: note: each undeclared identifier is reported only once for each function it appears in
ninja: build stopped: subcommand failed.


File C:/github/sdl-game-project/mygame/cmake-build-debug/CMakeFiles/CMakeTmp/CheckSymbolExists.c:
/* */
#include <unistd.h>

int main(int argc, char** argv)
{
  (void)argv;
#ifndef sysconf
  return ((int*)(&sysconf))[argc];
#else
  (void)argc;
  return 0;
#endif
}
Determining if the sysctlbyname exist failed with the following output:
Change Dir: C:/github/sdl-game-project/mygame/cmake-build-debug/CMakeFiles/CMakeTmp

Run Build Command(s):C:/Program Files/JetBrains/CLion 2022.1.3/bin/ninja/win/ninja.exe cmTC_58f15 && [1/2] Building C object CMakeFiles/cmTC_58f15.dir/CheckSymbolExists.c.obj
FAILED: CMakeFiles/cmTC_58f15.dir/CheckSymbolExists.c.obj 
C:\PROGRA~1\JETBRA~1\CLION2~1.3\bin\mingw\bin\gcc.exe   -idirafter "C:/github/sdl-game-project/mygame/vendored/sdl/src/video/khronos"  -D_GNU_SOURCE=1 -o CMakeFiles/cmTC_58f15.dir/CheckSymbolExists.c.obj -c C:/github/sdl-game-project/mygame/cmake-build-debug/CMakeFiles/CMakeTmp/CheckSymbolExists.c
C:/github/sdl-game-project/mygame/cmake-build-debug/CMakeFiles/CMakeTmp/CheckSymbolExists.c:3:10: fatal error: sys/sysctl.h: No such file or directory
    3 | #include <sys/sysctl.h>
      |          ^~~~~~~~~~~~~~
compilation terminated.
ninja: build stopped: subcommand failed.


File C:/github/sdl-game-project/mygame/cmake-build-debug/CMakeFiles/CMakeTmp/CheckSymbolExists.c:
/* */
#include <sys/types.h>
#include <sys/sysctl.h>

int main(int argc, char** argv)
{
  (void)argv;
#ifndef sysctlbyname
  return ((int*)(&sysctlbyname))[argc];
#else
  (void)argc;
  return 0;
#endif
}
Determining if the getauxval exist failed with the following output:
Change Dir: C:/github/sdl-game-project/mygame/cmake-build-debug/CMakeFiles/CMakeTmp

Run Build Command(s):C:/Program Files/JetBrains/CLion 2022.1.3/bin/ninja/win/ninja.exe cmTC_48ffb && [1/2] Building C object CMakeFiles/cmTC_48ffb.dir/CheckSymbolExists.c.obj
FAILED: CMakeFiles/cmTC_48ffb.dir/CheckSymbolExists.c.obj 
C:\PROGRA~1\JETBRA~1\CLION2~1.3\bin\mingw\bin\gcc.exe   -idirafter "C:/github/sdl-game-project/mygame/vendored/sdl/src/video/khronos"  -D_GNU_SOURCE=1 -o CMakeFiles/cmTC_48ffb.dir/CheckSymbolExists.c.obj -c C:/github/sdl-game-project/mygame/cmake-build-debug/CMakeFiles/CMakeTmp/CheckSymbolExists.c
C:/github/sdl-game-project/mygame/cmake-build-debug/CMakeFiles/CMakeTmp/CheckSymbolExists.c:2:10: fatal error: sys/auxv.h: No such file or directory
    2 | #include <sys/auxv.h>
      |          ^~~~~~~~~~~~
compilation terminated.
ninja: build stopped: subcommand failed.


File C:/github/sdl-game-project/mygame/cmake-build-debug/CMakeFiles/CMakeTmp/CheckSymbolExists.c:
/* */
#include <sys/auxv.h>

int main(int argc, char** argv)
{
  (void)argv;
#ifndef getauxval
  return ((int*)(&getauxval))[argc];
#else
  (void)argc;
  return 0;
#endif
}
Determining if the elf_aux_info exist failed with the following output:
Change Dir: C:/github/sdl-game-project/mygame/cmake-build-debug/CMakeFiles/CMakeTmp

Run Build Command(s):C:/Program Files/JetBrains/CLion 2022.1.3/bin/ninja/win/ninja.exe cmTC_46ead && [1/2] Building C object CMakeFiles/cmTC_46ead.dir/CheckSymbolExists.c.obj
FAILED: CMakeFiles/cmTC_46ead.dir/CheckSymbolExists.c.obj 
C:\PROGRA~1\JETBRA~1\CLION2~1.3\bin\mingw\bin\gcc.exe   -idirafter "C:/github/sdl-game-project/mygame/vendored/sdl/src/video/khronos"  -D_GNU_SOURCE=1 -o CMakeFiles/cmTC_46ead.dir/CheckSymbolExists.c.obj -c C:/github/sdl-game-project/mygame/cmake-build-debug/CMakeFiles/CMakeTmp/CheckSymbolExists.c
C:/github/sdl-game-project/mygame/cmake-build-debug/CMakeFiles/CMakeTmp/CheckSymbolExists.c:2:10: fatal error: sys/auxv.h: No such file or directory
    2 | #include <sys/auxv.h>
      |          ^~~~~~~~~~~~
compilation terminated.
ninja: build stopped: subcommand failed.


File C:/github/sdl-game-project/mygame/cmake-build-debug/CMakeFiles/CMakeTmp/CheckSymbolExists.c:
/* */
#include <sys/auxv.h>

int main(int argc, char** argv)
{
  (void)argv;
#ifndef elf_aux_info
  return ((int*)(&elf_aux_info))[argc];
#else
  (void)argc;
  return 0;
#endif
}
Determining if the poll exist failed with the following output:
Change Dir: C:/github/sdl-game-project/mygame/cmake-build-debug/CMakeFiles/CMakeTmp

Run Build Command(s):C:/Program Files/JetBrains/CLion 2022.1.3/bin/ninja/win/ninja.exe cmTC_9a4e6 && [1/2] Building C object CMakeFiles/cmTC_9a4e6.dir/CheckSymbolExists.c.obj
FAILED: CMakeFiles/cmTC_9a4e6.dir/CheckSymbolExists.c.obj 
C:\PROGRA~1\JETBRA~1\CLION2~1.3\bin\mingw\bin\gcc.exe   -idirafter "C:/github/sdl-game-project/mygame/vendored/sdl/src/video/khronos"  -D_GNU_SOURCE=1 -o CMakeFiles/cmTC_9a4e6.dir/CheckSymbolExists.c.obj -c C:/github/sdl-game-project/mygame/cmake-build-debug/CMakeFiles/CMakeTmp/CheckSymbolExists.c
C:/github/sdl-game-project/mygame/cmake-build-debug/CMakeFiles/CMakeTmp/CheckSymbolExists.c:2:10: fatal error: poll.h: No such file or directory
    2 | #include <poll.h>
      |          ^~~~~~~~
compilation terminated.
ninja: build stopped: subcommand failed.


File C:/github/sdl-game-project/mygame/cmake-build-debug/CMakeFiles/CMakeTmp/CheckSymbolExists.c:
/* */
#include <poll.h>

int main(int argc, char** argv)
{
  (void)argv;
#ifndef poll
  return ((int*)(&poll))[argc];
#else
  (void)argc;
  return 0;
#endif
}
Determining if the memfd_create exist failed with the following output:
Change Dir: C:/github/sdl-game-project/mygame/cmake-build-debug/CMakeFiles/CMakeTmp

Run Build Command(s):C:/Program Files/JetBrains/CLion 2022.1.3/bin/ninja/win/ninja.exe cmTC_07aa6 && [1/2] Building C object CMakeFiles/cmTC_07aa6.dir/CheckSymbolExists.c.obj
FAILED: CMakeFiles/cmTC_07aa6.dir/CheckSymbolExists.c.obj 
C:\PROGRA~1\JETBRA~1\CLION2~1.3\bin\mingw\bin\gcc.exe   -idirafter "C:/github/sdl-game-project/mygame/vendored/sdl/src/video/khronos"  -D_GNU_SOURCE=1 -o CMakeFiles/cmTC_07aa6.dir/CheckSymbolExists.c.obj -c C:/github/sdl-game-project/mygame/cmake-build-debug/CMakeFiles/CMakeTmp/CheckSymbolExists.c
C:/github/sdl-game-project/mygame/cmake-build-debug/CMakeFiles/CMakeTmp/CheckSymbolExists.c:2:10: fatal error: sys/mman.h: No such file or directory
    2 | #include <sys/mman.h>
      |          ^~~~~~~~~~~~
compilation terminated.
ninja: build stopped: subcommand failed.


File C:/github/sdl-game-project/mygame/cmake-build-debug/CMakeFiles/CMakeTmp/CheckSymbolExists.c:
/* */
#include <sys/mman.h>

int main(int argc, char** argv)
{
  (void)argv;
#ifndef memfd_create
  return ((int*)(&memfd_create))[argc];
#else
  (void)argc;
  return 0;
#endif
}
Determining if the posix_fallocate exist failed with the following output:
Change Dir: C:/github/sdl-game-project/mygame/cmake-build-debug/CMakeFiles/CMakeTmp

Run Build Command(s):C:/Program Files/JetBrains/CLion 2022.1.3/bin/ninja/win/ninja.exe cmTC_680fe && [1/2] Building C object CMakeFiles/cmTC_680fe.dir/CheckSymbolExists.c.obj
FAILED: CMakeFiles/cmTC_680fe.dir/CheckSymbolExists.c.obj 
C:\PROGRA~1\JETBRA~1\CLION2~1.3\bin\mingw\bin\gcc.exe   -idirafter "C:/github/sdl-game-project/mygame/vendored/sdl/src/video/khronos"  -D_GNU_SOURCE=1 -o CMakeFiles/cmTC_680fe.dir/CheckSymbolExists.c.obj -c C:/github/sdl-game-project/mygame/cmake-build-debug/CMakeFiles/CMakeTmp/CheckSymbolExists.c
C:/github/sdl-game-project/mygame/cmake-build-debug/CMakeFiles/CMakeTmp/CheckSymbolExists.c: In function 'main':
C:/github/sdl-game-project/mygame/cmake-build-debug/CMakeFiles/CMakeTmp/CheckSymbolExists.c:8:19: error: 'posix_fallocate' undeclared (first use in this function)
    8 |   return ((int*)(&posix_fallocate))[argc];
      |                   ^~~~~~~~~~~~~~~
C:/github/sdl-game-project/mygame/cmake-build-debug/CMakeFiles/CMakeTmp/CheckSymbolExists.c:8:19: note: each undeclared identifier is reported only once for each function it appears in
ninja: build stopped: subcommand failed.


File C:/github/sdl-game-project/mygame/cmake-build-debug/CMakeFiles/CMakeTmp/CheckSymbolExists.c:
/* */
#include <fcntl.h>

int main(int argc, char** argv)
{
  (void)argv;
#ifndef posix_fallocate
  return ((int*)(&posix_fallocate))[argc];
#else
  (void)argc;
  return 0;
#endif
}
Determining if the include file alloca.h exists failed with the following output:
Change Dir: C:/github/sdl-game-project/mygame/cmake-build-debug/CMakeFiles/CMakeTmp

Run Build Command(s):C:/Program Files/JetBrains/CLion 2022.1.3/bin/ninja/win/ninja.exe cmTC_59ca5 && [1/2] Building C object CMakeFiles/cmTC_59ca5.dir/CheckIncludeFile.c.obj
FAILED: CMakeFiles/cmTC_59ca5.dir/CheckIncludeFile.c.obj 
C:\PROGRA~1\JETBRA~1\CLION2~1.3\bin\mingw\bin\gcc.exe   -idirafter "C:/github/sdl-game-project/mygame/vendored/sdl/src/video/khronos"  -D_GNU_SOURCE=1 -o CMakeFiles/cmTC_59ca5.dir/CheckIncludeFile.c.obj -c C:/github/sdl-game-project/mygame/cmake-build-debug/CMakeFiles/CMakeTmp/CheckIncludeFile.c
C:/github/sdl-game-project/mygame/cmake-build-debug/CMakeFiles/CMakeTmp/CheckIncludeFile.c:1:10: fatal error: alloca.h: No such file or directory
    1 | #include <alloca.h>
      |          ^~~~~~~~~~
compilation terminated.
ninja: build stopped: subcommand failed.



Determining if the alloca exist failed with the following output:
Change Dir: C:/github/sdl-game-project/mygame/cmake-build-debug/CMakeFiles/CMakeTmp

Run Build Command(s):C:/Program Files/JetBrains/CLion 2022.1.3/bin/ninja/win/ninja.exe cmTC_dbdce && [1/2] Building C object CMakeFiles/cmTC_dbdce.dir/CheckSymbolExists.c.obj
FAILED: CMakeFiles/cmTC_dbdce.dir/CheckSymbolExists.c.obj 
C:\PROGRA~1\JETBRA~1\CLION2~1.3\bin\mingw\bin\gcc.exe   -idirafter "C:/github/sdl-game-project/mygame/vendored/sdl/src/video/khronos"  -D_GNU_SOURCE=1 -o CMakeFiles/cmTC_dbdce.dir/CheckSymbolExists.c.obj -c C:/github/sdl-game-project/mygame/cmake-build-debug/CMakeFiles/CMakeTmp/CheckSymbolExists.c
C:/github/sdl-game-project/mygame/cmake-build-debug/CMakeFiles/CMakeTmp/CheckSymbolExists.c:2:10: fatal error: alloca.h: No such file or directory
    2 | #include <alloca.h>
      |          ^~~~~~~~~~
compilation terminated.
ninja: build stopped: subcommand failed.


File C:/github/sdl-game-project/mygame/cmake-build-debug/CMakeFiles/CMakeTmp/CheckSymbolExists.c:
/* */
#include <alloca.h>

int main(int argc, char** argv)
{
  (void)argv;
#ifndef alloca
  return ((int*)(&alloca))[argc];
#else
  (void)argc;
  return 0;
#endif
}
Performing C SOURCE FILE Test HAVE_SA_SIGACTION failed with the following output:
Change Dir: C:/github/sdl-game-project/mygame/cmake-build-debug/CMakeFiles/CMakeTmp

Run Build Command(s):C:/Program Files/JetBrains/CLion 2022.1.3/bin/ninja/win/ninja.exe cmTC_41753 && [1/2] Building C object CMakeFiles/cmTC_41753.dir/src.c.obj
FAILED: CMakeFiles/cmTC_41753.dir/src.c.obj 
C:\PROGRA~1\JETBRA~1\CLION2~1.3\bin\mingw\bin\gcc.exe -DHAVE_SA_SIGACTION  -idirafter "C:/github/sdl-game-project/mygame/vendored/sdl/src/video/khronos"  -D_GNU_SOURCE=1 -o CMakeFiles/cmTC_41753.dir/src.c.obj -c C:/github/sdl-game-project/mygame/cmake-build-debug/CMakeFiles/CMakeTmp/src.c
C:/github/sdl-game-project/mygame/cmake-build-debug/CMakeFiles/CMakeTmp/src.c: In function 'main':
C:/github/sdl-game-project/mygame/cmake-build-debug/CMakeFiles/CMakeTmp/src.c:6:39: error: invalid use of undefined type 'struct sigaction'
    6 |   (void)sizeof(((struct sigaction *)0)->sa_sigaction);
      |                                       ^~
ninja: build stopped: subcommand failed.


Source file was:

#include <signal.h>

int main()
{
  (void)sizeof(((struct sigaction *)0)->sa_sigaction);
  return 0;
}

Performing C SOURCE FILE Test HAVE_WINDOWS_GAMING_INPUT_H failed with the following output:
Change Dir: C:/github/sdl-game-project/mygame/cmake-build-debug/CMakeFiles/CMakeTmp

Run Build Command(s):C:/Program Files/JetBrains/CLion 2022.1.3/bin/ninja/win/ninja.exe cmTC_c1745 && [1/2] Building C object CMakeFiles/cmTC_c1745.dir/src.c.obj
FAILED: CMakeFiles/cmTC_c1745.dir/src.c.obj 
C:\PROGRA~1\JETBRA~1\CLION2~1.3\bin\mingw\bin\gcc.exe -DHAVE_WINDOWS_GAMING_INPUT_H  -idirafter "C:/github/sdl-game-project/mygame/vendored/sdl/src/video/khronos"  -D_GNU_SOURCE=1 -o CMakeFiles/cmTC_c1745.dir/src.c.obj -c C:/github/sdl-game-project/mygame/cmake-build-debug/CMakeFiles/CMakeTmp/src.c
C:/github/sdl-game-project/mygame/cmake-build-debug/CMakeFiles/CMakeTmp/src.c:3:16: fatal error: windows.gaming.input.h: No such file or directory
    3 |       #include <windows.gaming.input.h>
      |                ^~~~~~~~~~~~~~~~~~~~~~~~
compilation terminated.
ninja: build stopped: subcommand failed.


Source file was:

      #define COBJMACROS
      #include <windows.gaming.input.h>
      __x_ABI_CWindows_CGaming_CInput_CIGamepadStatics2 *s2;
      int main(int argc, char **argv) { return 0; }
